<?xml version="1.0" encoding="UTF-8"?>
<!-- Generated by org.testng.reporters.JUnitReportReporter -->
<testsuite hostname="DESKTOP-B80ELMU" failures="0" tests="1" name="Runner.MyRunner" time="97.812" errors="0" timestamp="2024-10-24T17:15:07 IST" skipped="0">
  <testcase classname="Runner.MyRunner" name="runScenario" time="97.812"/>
  <system-out/>
</testsuite> <!-- Runner.MyRunner -->
