<?xml version="1.0" encoding="UTF-8"?>
<!-- Generated by org.testng.reporters.JUnitReportReporter -->
<testsuite hostname="DESKTOP-B80ELMU" failures="0" tests="1" name="Runner.MyRunner" time="121.211" errors="0" timestamp="2024-10-10T16:21:31 IST" skipped="0">
  <testcase classname="Runner.MyRunner" name="runScenario" time="121.211"/>
  <system-out/>
</testsuite> <!-- Runner.MyRunner -->
