<?xml version="1.0" encoding="UTF-8"?>
<!-- Generated by org.testng.reporters.JUnitReportReporter -->
<testsuite hostname="DESKTOP-221B81F" failures="0" tests="3" name="Runner.MyRunner" time="176.083" errors="0" timestamp="2024-04-22T17:43:51 IST" skipped="0">
  <testcase classname="Runner.MyRunner" name="runScenario" time="58.345"/>
  <system-out/>
  <testcase classname="Runner.MyRunner" name="runScenario" time="68.070"/>
  <system-out/>
  <testcase classname="Runner.MyRunner" name="runScenario" time="49.668"/>
  <system-out/>
</testsuite> <!-- Runner.MyRunner -->
