<?xml version="1.0" encoding="UTF-8"?>
<!-- Generated by org.testng.reporters.JUnitReportReporter -->
<testsuite hostname="DESKTOP-HQ5962M" failures="0" tests="1" name="Runner.MyRunner" time="109.117" errors="0" timestamp="2025-02-26T22:49:57 IST" skipped="0">
  <testcase classname="Runner.MyRunner" name="runScenario" time="109.117"/>
</testsuite> <!-- Runner.MyRunner -->
