<?xml version="1.0" encoding="UTF-8"?>
<!-- Generated by org.testng.reporters.JUnitReportReporter -->
<testsuite hostname="DESKTOP-B80ELMU" failures="0" tests="1" name="Runner.MyRunner" time="78.614" errors="0" timestamp="2024-09-18T17:27:33 IST" skipped="0">
  <testcase classname="Runner.MyRunner" name="runScenario" time="78.614"/>
</testsuite> <!-- Runner.MyRunner -->
