<?xml version="1.0" encoding="UTF-8"?>
<!-- Generated by org.testng.reporters.JUnitReportReporter -->
<testsuite skipped="0" hostname="G-MMUBEEN-MS16" name="Runner.MyRunner" tests="1" failures="0" timestamp="2024-10-14T21:39:08 EDT" time="49.186" errors="0">
  <testcase name="runScenario" time="49.186" classname="Runner.MyRunner"/>
  <system-out/>
</testsuite> <!-- Runner.MyRunner -->
