<?xml version="1.0" encoding="UTF-8"?>
<!-- Generated by org.testng.reporters.JUnitReportReporter -->
<testsuite skipped="0" hostname="G-MMUBEEN-MS16" name="Runner.MyRunner" tests="1" failures="0" timestamp="2024-11-16T20:13:31 EST" time="65.038" errors="0">
  <testcase name="runScenario" time="65.038" classname="Runner.MyRunner"/>
  <system-out/>
</testsuite> <!-- Runner.MyRunner -->
