<?xml version="1.0" encoding="UTF-8"?>
<!-- Generated by org.testng.reporters.JUnitReportReporter -->
<testsuite skipped="0" hostname="G-MMUBEEN-MS16" name="Runner.MyRunner" tests="1" failures="0" timestamp="2024-11-08T21:18:40 EST" time="224.638" errors="0">
  <testcase name="runScenario" time="224.638" classname="Runner.MyRunner"/>
  <system-out/>
</testsuite> <!-- Runner.MyRunner -->
