<?xml version="1.0" encoding="UTF-8"?>
<!-- Generated by org.testng.reporters.JUnitReportReporter -->
<testsuite hostname="DESKTOP-221B81F" failures="0" tests="3" name="Runner.MyRunner" time="186.577" errors="0" timestamp="2024-04-25T16:14:09 IST" skipped="0">
  <testcase classname="Runner.MyRunner" name="runScenario" time="80.315"/>
  <system-out/>
  <testcase classname="Runner.MyRunner" name="runScenario" time="48.899"/>
  <system-out/>
  <testcase classname="Runner.MyRunner" name="runScenario" time="57.363"/>
  <system-out/>
</testsuite> <!-- Runner.MyRunner -->
