<?xml version="1.0" encoding="UTF-8"?>
<!-- Generated by org.testng.reporters.JUnitReportReporter -->
<testsuite skipped="0" hostname="G-MMUBEEN-MS16" name="Runner.MyRunner" tests="2" failures="0" timestamp="2024-11-05T20:20:43 EST" time="119.839" errors="0">
  <testcase name="runScenario" time="61.307" classname="Runner.MyRunner"/>
  <system-out/>
  <testcase name="runScenario" time="58.532" classname="Runner.MyRunner"/>
  <system-out/>
</testsuite> <!-- Runner.MyRunner -->
