<?xml version="1.0" encoding="UTF-8"?>
<!-- Generated by org.testng.reporters.JUnitReportReporter -->
<testsuite hostname="DESKTOP-221B81F" failures="0" tests="1" name="SITTestScripts.CreateDwellingNewOpportunity" time="2.276" errors="0" timestamp="2024-03-10T10:20:39 IST" skipped="0">
  <testcase classname="SITTestScripts.CreateDwellingNewOpportunity" name="user_is_on_login_page" time="2.276"/>
  <system-out/>
</testsuite> <!-- SITTestScripts.CreateDwellingNewOpportunity -->
