<?xml version="1.0" encoding="UTF-8"?>
<!-- Generated by org.testng.reporters.JUnitReportReporter -->
<testsuite hostname="DESKTOP-221B81F" failures="0" tests="3" name="resources.TestNGDataProvider1" time="13.032" errors="0" timestamp="2024-07-17T17:46:59 IST" skipped="0">
  <testcase classname="resources.TestNGDataProvider1" name="test" time="5.569"/>
  <testcase classname="resources.TestNGDataProvider1" name="test" time="3.744"/>
  <testcase classname="resources.TestNGDataProvider1" name="test" time="3.719"/>
</testsuite> <!-- resources.TestNGDataProvider1 -->
